<?xml version="1.0" encoding="UTF-8"?>
<testsuites name="jest tests" tests="15" failures="13" errors="0" time="2.274">
  <testsuite name="Vibe-Validate Integration Failures" errors="0" failures="13" skipped="0" timestamp="2025-10-27T01:31:01" time="1.919" tests="15">
    <testcase classname="Vibe-Validate Integration Failures › Extractors › Assertion Errors" name="should extract TypeScript errors correctly" time="0.006">
      <failure>Error: expect(received).toBe(expected) // Object.is equality

Expected: 5
Received: 1
    at Object.&lt;anonymous&gt; (/Users/jeff/Workspaces/vibe-validate/packages/extractors-test-bed/tests/jest/comprehensive-failures.test.ts:36:36)
    at Promise.then.completed (/Users/jeff/Workspaces/vibe-validate/node_modules/.pnpm/jest-circus@29.7.0/node_modules/jest-circus/build/utils.js:298:28)
    at new Promise (&lt;anonymous&gt;)
    at callAsyncCircusFn (/Users/jeff/Workspaces/vibe-validate/node_modules/.pnpm/jest-circus@29.7.0/node_modules/jest-circus/build/utils.js:231:10)
    at _callCircusTest (/Users/jeff/Workspaces/vibe-validate/node_modules/.pnpm/jest-circus@29.7.0/node_modules/jest-circus/build/run.js:316:40)
    at _runTest (/Users/jeff/Workspaces/vibe-validate/node_modules/.pnpm/jest-circus@29.7.0/node_modules/jest-circus/build/run.js:252:3)
    at _runTestsForDescribeBlock (/Users/jeff/Workspaces/vibe-validate/node_modules/.pnpm/jest-circus@29.7.0/node_modules/jest-circus/build/run.js:126:9)
    at _runTestsForDescribeBlock (/Users/jeff/Workspaces/vibe-validate/node_modules/.pnpm/jest-circus@29.7.0/node_modules/jest-circus/build/run.js:121:9)
    at _runTestsForDescribeBlock (/Users/jeff/Workspaces/vibe-validate/node_modules/.pnpm/jest-circus@29.7.0/node_modules/jest-circus/build/run.js:121:9)
    at run (/Users/jeff/Workspaces/vibe-validate/node_modules/.pnpm/jest-circus@29.7.0/node_modules/jest-circus/build/run.js:71:3)
    at runAndTransformResultsToJestFormat (/Users/jeff/Workspaces/vibe-validate/node_modules/.pnpm/jest-circus@29.7.0/node_modules/jest-circus/build/legacy-code-todo-rewrite/jestAdapterInit.js:122:21)
    at jestAdapter (/Users/jeff/Workspaces/vibe-validate/node_modules/.pnpm/jest-circus@29.7.0/node_modules/jest-circus/build/legacy-code-todo-rewrite/jestAdapter.js:79:19)
    at runTestInternal (/Users/jeff/Workspaces/vibe-validate/node_modules/.pnpm/jest-runner@29.7.0/node_modules/jest-runner/build/runTest.js:367:16)
    at runTest (/Users/jeff/Workspaces/vibe-validate/node_modules/.pnpm/jest-runner@29.7.0/node_modules/jest-runner/build/runTest.js:444:34)</failure>
    </testcase>
    <testcase classname="Vibe-Validate Integration Failures › Extractors › Assertion Errors" name="should parse ESLint errors from real output" time="0.003">
      <failure>Error: expect(received).toBe(expected) // Object.is equality

Expected: &quot;0 error(s)&quot;
Received: &quot;1 ESLint error(s), 0 warning(s)&quot;
    at Object.&lt;anonymous&gt; (/Users/jeff/Workspaces/vibe-validate/packages/extractors-test-bed/tests/jest/comprehensive-failures.test.ts:44:30)
    at Promise.then.completed (/Users/jeff/Workspaces/vibe-validate/node_modules/.pnpm/jest-circus@29.7.0/node_modules/jest-circus/build/utils.js:298:28)
    at new Promise (&lt;anonymous&gt;)
    at callAsyncCircusFn (/Users/jeff/Workspaces/vibe-validate/node_modules/.pnpm/jest-circus@29.7.0/node_modules/jest-circus/build/utils.js:231:10)
    at _callCircusTest (/Users/jeff/Workspaces/vibe-validate/node_modules/.pnpm/jest-circus@29.7.0/node_modules/jest-circus/build/run.js:316:40)
    at _runTest (/Users/jeff/Workspaces/vibe-validate/node_modules/.pnpm/jest-circus@29.7.0/node_modules/jest-circus/build/run.js:252:3)
    at _runTestsForDescribeBlock (/Users/jeff/Workspaces/vibe-validate/node_modules/.pnpm/jest-circus@29.7.0/node_modules/jest-circus/build/run.js:126:9)
    at _runTestsForDescribeBlock (/Users/jeff/Workspaces/vibe-validate/node_modules/.pnpm/jest-circus@29.7.0/node_modules/jest-circus/build/run.js:121:9)
    at _runTestsForDescribeBlock (/Users/jeff/Workspaces/vibe-validate/node_modules/.pnpm/jest-circus@29.7.0/node_modules/jest-circus/build/run.js:121:9)
    at run (/Users/jeff/Workspaces/vibe-validate/node_modules/.pnpm/jest-circus@29.7.0/node_modules/jest-circus/build/run.js:71:3)
    at runAndTransformResultsToJestFormat (/Users/jeff/Workspaces/vibe-validate/node_modules/.pnpm/jest-circus@29.7.0/node_modules/jest-circus/build/legacy-code-todo-rewrite/jestAdapterInit.js:122:21)
    at jestAdapter (/Users/jeff/Workspaces/vibe-validate/node_modules/.pnpm/jest-circus@29.7.0/node_modules/jest-circus/build/legacy-code-todo-rewrite/jestAdapter.js:79:19)
    at runTestInternal (/Users/jeff/Workspaces/vibe-validate/node_modules/.pnpm/jest-runner@29.7.0/node_modules/jest-runner/build/runTest.js:367:16)
    at runTest (/Users/jeff/Workspaces/vibe-validate/node_modules/.pnpm/jest-runner@29.7.0/node_modules/jest-runner/build/runTest.js:444:34)</failure>
    </testcase>
    <testcase classname="Vibe-Validate Integration Failures › Config › Type Errors" name="should fail when passing invalid config type" time="0">
      <failure>TypeError: The &quot;paths[0]&quot; argument must be of type string. Received type number (12345)
    at resolve (node:path:1218:7)
    at loadConfigFromFile (/Users/jeff/Workspaces/vibe-validate/packages/config/src/loader.ts:29:31)
    at Object.&lt;anonymous&gt; (/Users/jeff/Workspaces/vibe-validate/packages/extractors-test-bed/tests/jest/comprehensive-failures.test.ts:54:46)
    at Promise.then.completed (/Users/jeff/Workspaces/vibe-validate/node_modules/.pnpm/jest-circus@29.7.0/node_modules/jest-circus/build/utils.js:298:28)
    at new Promise (&lt;anonymous&gt;)
    at callAsyncCircusFn (/Users/jeff/Workspaces/vibe-validate/node_modules/.pnpm/jest-circus@29.7.0/node_modules/jest-circus/build/utils.js:231:10)
    at _callCircusTest (/Users/jeff/Workspaces/vibe-validate/node_modules/.pnpm/jest-circus@29.7.0/node_modules/jest-circus/build/run.js:316:40)
    at _runTest (/Users/jeff/Workspaces/vibe-validate/node_modules/.pnpm/jest-circus@29.7.0/node_modules/jest-circus/build/run.js:252:3)
    at _runTestsForDescribeBlock (/Users/jeff/Workspaces/vibe-validate/node_modules/.pnpm/jest-circus@29.7.0/node_modules/jest-circus/build/run.js:126:9)
    at _runTestsForDescribeBlock (/Users/jeff/Workspaces/vibe-validate/node_modules/.pnpm/jest-circus@29.7.0/node_modules/jest-circus/build/run.js:121:9)
    at _runTestsForDescribeBlock (/Users/jeff/Workspaces/vibe-validate/node_modules/.pnpm/jest-circus@29.7.0/node_modules/jest-circus/build/run.js:121:9)
    at run (/Users/jeff/Workspaces/vibe-validate/node_modules/.pnpm/jest-circus@29.7.0/node_modules/jest-circus/build/run.js:71:3)
    at runAndTransformResultsToJestFormat (/Users/jeff/Workspaces/vibe-validate/node_modules/.pnpm/jest-circus@29.7.0/node_modules/jest-circus/build/legacy-code-todo-rewrite/jestAdapterInit.js:122:21)
    at jestAdapter (/Users/jeff/Workspaces/vibe-validate/node_modules/.pnpm/jest-circus@29.7.0/node_modules/jest-circus/build/legacy-code-todo-rewrite/jestAdapter.js:79:19)
    at runTestInternal (/Users/jeff/Workspaces/vibe-validate/node_modules/.pnpm/jest-runner@29.7.0/node_modules/jest-runner/build/runTest.js:367:16)
    at runTest (/Users/jeff/Workspaces/vibe-validate/node_modules/.pnpm/jest-runner@29.7.0/node_modules/jest-runner/build/runTest.js:444:34)</failure>
    </testcase>
    <testcase classname="Vibe-Validate Integration Failures › Config › Type Errors" name="should fail when extractors receive wrong input type" time="0.001">
      <failure>TypeError: output.split is not a function
    at extractVitestErrors (/Users/jeff/Workspaces/vibe-validate/packages/extractors/src/vitest-extractor.ts:88:24)
    at Object.&lt;anonymous&gt; (/Users/jeff/Workspaces/vibe-validate/packages/extractors-test-bed/tests/jest/comprehensive-failures.test.ts:64:41)
    at Promise.then.completed (/Users/jeff/Workspaces/vibe-validate/node_modules/.pnpm/jest-circus@29.7.0/node_modules/jest-circus/build/utils.js:298:28)
    at new Promise (&lt;anonymous&gt;)
    at callAsyncCircusFn (/Users/jeff/Workspaces/vibe-validate/node_modules/.pnpm/jest-circus@29.7.0/node_modules/jest-circus/build/utils.js:231:10)
    at _callCircusTest (/Users/jeff/Workspaces/vibe-validate/node_modules/.pnpm/jest-circus@29.7.0/node_modules/jest-circus/build/run.js:316:40)
    at _runTest (/Users/jeff/Workspaces/vibe-validate/node_modules/.pnpm/jest-circus@29.7.0/node_modules/jest-circus/build/run.js:252:3)
    at _runTestsForDescribeBlock (/Users/jeff/Workspaces/vibe-validate/node_modules/.pnpm/jest-circus@29.7.0/node_modules/jest-circus/build/run.js:126:9)
    at _runTestsForDescribeBlock (/Users/jeff/Workspaces/vibe-validate/node_modules/.pnpm/jest-circus@29.7.0/node_modules/jest-circus/build/run.js:121:9)
    at _runTestsForDescribeBlock (/Users/jeff/Workspaces/vibe-validate/node_modules/.pnpm/jest-circus@29.7.0/node_modules/jest-circus/build/run.js:121:9)
    at run (/Users/jeff/Workspaces/vibe-validate/node_modules/.pnpm/jest-circus@29.7.0/node_modules/jest-circus/build/run.js:71:3)
    at runAndTransformResultsToJestFormat (/Users/jeff/Workspaces/vibe-validate/node_modules/.pnpm/jest-circus@29.7.0/node_modules/jest-circus/build/legacy-code-todo-rewrite/jestAdapterInit.js:122:21)
    at jestAdapter (/Users/jeff/Workspaces/vibe-validate/node_modules/.pnpm/jest-circus@29.7.0/node_modules/jest-circus/build/legacy-code-todo-rewrite/jestAdapter.js:79:19)
    at runTestInternal (/Users/jeff/Workspaces/vibe-validate/node_modules/.pnpm/jest-runner@29.7.0/node_modules/jest-runner/build/runTest.js:367:16)
    at runTest (/Users/jeff/Workspaces/vibe-validate/node_modules/.pnpm/jest-runner@29.7.0/node_modules/jest-runner/build/runTest.js:444:34)</failure>
    </testcase>
    <testcase classname="Vibe-Validate Integration Failures › Core › Runtime Type Errors" name="should fail when calling method on undefined" time="0.001">
      <failure>TypeError: Cannot read properties of undefined (reading &apos;replace&apos;)
    at stripAnsiCodes (/Users/jeff/Workspaces/vibe-validate/packages/extractors/src/utils.ts:23:15)
    at autoDetectAndExtract (/Users/jeff/Workspaces/vibe-validate/packages/extractors/src/smart-extractor.ts:71:37)
    at Object.&lt;anonymous&gt; (/Users/jeff/Workspaces/vibe-validate/packages/extractors-test-bed/tests/jest/comprehensive-failures.test.ts:77:42)
    at Promise.then.completed (/Users/jeff/Workspaces/vibe-validate/node_modules/.pnpm/jest-circus@29.7.0/node_modules/jest-circus/build/utils.js:298:28)
    at new Promise (&lt;anonymous&gt;)
    at callAsyncCircusFn (/Users/jeff/Workspaces/vibe-validate/node_modules/.pnpm/jest-circus@29.7.0/node_modules/jest-circus/build/utils.js:231:10)
    at _callCircusTest (/Users/jeff/Workspaces/vibe-validate/node_modules/.pnpm/jest-circus@29.7.0/node_modules/jest-circus/build/run.js:316:40)
    at _runTest (/Users/jeff/Workspaces/vibe-validate/node_modules/.pnpm/jest-circus@29.7.0/node_modules/jest-circus/build/run.js:252:3)
    at _runTestsForDescribeBlock (/Users/jeff/Workspaces/vibe-validate/node_modules/.pnpm/jest-circus@29.7.0/node_modules/jest-circus/build/run.js:126:9)
    at _runTestsForDescribeBlock (/Users/jeff/Workspaces/vibe-validate/node_modules/.pnpm/jest-circus@29.7.0/node_modules/jest-circus/build/run.js:121:9)
    at _runTestsForDescribeBlock (/Users/jeff/Workspaces/vibe-validate/node_modules/.pnpm/jest-circus@29.7.0/node_modules/jest-circus/build/run.js:121:9)
    at run (/Users/jeff/Workspaces/vibe-validate/node_modules/.pnpm/jest-circus@29.7.0/node_modules/jest-circus/build/run.js:71:3)
    at runAndTransformResultsToJestFormat (/Users/jeff/Workspaces/vibe-validate/node_modules/.pnpm/jest-circus@29.7.0/node_modules/jest-circus/build/legacy-code-todo-rewrite/jestAdapterInit.js:122:21)
    at jestAdapter (/Users/jeff/Workspaces/vibe-validate/node_modules/.pnpm/jest-circus@29.7.0/node_modules/jest-circus/build/legacy-code-todo-rewrite/jestAdapter.js:79:19)
    at runTestInternal (/Users/jeff/Workspaces/vibe-validate/node_modules/.pnpm/jest-runner@29.7.0/node_modules/jest-runner/build/runTest.js:367:16)
    at runTest (/Users/jeff/Workspaces/vibe-validate/node_modules/.pnpm/jest-runner@29.7.0/node_modules/jest-runner/build/runTest.js:444:34)</failure>
    </testcase>
    <testcase classname="Vibe-Validate Integration Failures › Extractors › Snapshot Testing" name="should match extractor output snapshot" time="0.004">
    </testcase>
    <testcase classname="Vibe-Validate Integration Failures › Core › Async Errors" name="should handle async function that rejects" time="0">
    </testcase>
    <testcase classname="Vibe-Validate Integration Failures › Packages › Import Errors" name="should fail when importing non-existent export" time="0.022">
      <failure>Jest encountered an unexpected token

Jest failed to parse a file. This happens e.g. when your code or its dependencies use non-standard JavaScript syntax, or when Jest is not configured to support such syntax.

Out of the box Jest supports Babel, which will be used to transform your files into valid JS based on your Babel configuration.

By default &quot;node_modules&quot; folder is ignored by transformers.

Here&apos;s what you can do:
 • If you are trying to use ECMAScript Modules, see https://jestjs.io/docs/ecmascript-modules for how to enable it.
 • If you are trying to use TypeScript, see https://jestjs.io/docs/getting-started#using-typescript
 • To have some of your &quot;node_modules&quot; files transformed, you can specify a custom &quot;transformIgnorePatterns&quot; in your config.
 • If you need a custom transformation specify a &quot;transform&quot; option in your config.
 • If you simply want to mock your non-JS modules (e.g. binary assets) you can stub them out with the &quot;moduleNameMapper&quot; config option.

You&apos;ll find more details and examples of these config options in the docs:
https://jestjs.io/docs/configuration
For information about custom transformations, see:
https://jestjs.io/docs/code-transformation

Details:

/Users/jeff/Workspaces/vibe-validate/node_modules/.pnpm/strip-ansi@7.1.2/node_modules/strip-ansi/index.js:1
({&quot;Object.&lt;anonymous&gt;&quot;:function(module,exports,require,__dirname,__filename,jest){import ansiRegex from &apos;ansi-regex&apos;;
                                                                                  ^^^^^^

SyntaxError: Cannot use import statement outside a module
    at new Script (node:vm:117:7)
    at Runtime.createScriptFromCode (/Users/jeff/Workspaces/vibe-validate/node_modules/.pnpm/jest-runtime@29.7.0/node_modules/jest-runtime/build/index.js:1505:14)
    at Runtime._execModule (/Users/jeff/Workspaces/vibe-validate/node_modules/.pnpm/jest-runtime@29.7.0/node_modules/jest-runtime/build/index.js:1399:25)
    at Runtime._loadModule (/Users/jeff/Workspaces/vibe-validate/node_modules/.pnpm/jest-runtime@29.7.0/node_modules/jest-runtime/build/index.js:1022:12)
    at Runtime.requireModule (/Users/jeff/Workspaces/vibe-validate/node_modules/.pnpm/jest-runtime@29.7.0/node_modules/jest-runtime/build/index.js:882:12)
    at Runtime.requireModuleOrMock (/Users/jeff/Workspaces/vibe-validate/node_modules/.pnpm/jest-runtime@29.7.0/node_modules/jest-runtime/build/index.js:1048:21)
    at Object.&lt;anonymous&gt; (/Users/jeff/Workspaces/vibe-validate/packages/core/src/runner.ts:17:1)
    at Runtime._execModule (/Users/jeff/Workspaces/vibe-validate/node_modules/.pnpm/jest-runtime@29.7.0/node_modules/jest-runtime/build/index.js:1439:24)
    at Runtime._loadModule (/Users/jeff/Workspaces/vibe-validate/node_modules/.pnpm/jest-runtime@29.7.0/node_modules/jest-runtime/build/index.js:1022:12)
    at Runtime.requireModule (/Users/jeff/Workspaces/vibe-validate/node_modules/.pnpm/jest-runtime@29.7.0/node_modules/jest-runtime/build/index.js:882:12)
    at Runtime.requireModuleOrMock (/Users/jeff/Workspaces/vibe-validate/node_modules/.pnpm/jest-runtime@29.7.0/node_modules/jest-runtime/build/index.js:1048:21)
    at Object.&lt;anonymous&gt; (/Users/jeff/Workspaces/vibe-validate/packages/core/src/index.ts:60:1)
    at Runtime._execModule (/Users/jeff/Workspaces/vibe-validate/node_modules/.pnpm/jest-runtime@29.7.0/node_modules/jest-runtime/build/index.js:1439:24)
    at Runtime._loadModule (/Users/jeff/Workspaces/vibe-validate/node_modules/.pnpm/jest-runtime@29.7.0/node_modules/jest-runtime/build/index.js:1022:12)
    at Runtime.requireModule (/Users/jeff/Workspaces/vibe-validate/node_modules/.pnpm/jest-runtime@29.7.0/node_modules/jest-runtime/build/index.js:882:12)
    at Runtime.requireModuleOrMock (/Users/jeff/Workspaces/vibe-validate/node_modules/.pnpm/jest-runtime@29.7.0/node_modules/jest-runtime/build/index.js:1048:21)
    at /Users/jeff/Workspaces/vibe-validate/packages/extractors-test-bed/tests/jest/comprehensive-failures.test.ts:124:39
    at Object.&lt;anonymous&gt; (/Users/jeff/Workspaces/vibe-validate/packages/extractors-test-bed/tests/jest/comprehensive-failures.test.ts:124:39)</failure>
    </testcase>
    <testcase classname="Vibe-Validate Integration Failures › Packages › Import Errors" name="should fail when importing from wrong package" time="0.018">
      <failure>Error: Cannot find module &apos;@vibe-validate/nonexistent-package&apos; from &apos;tests/jest/comprehensive-failures.test.ts&apos;
    at Resolver._throwModNotFoundError (/Users/jeff/Workspaces/vibe-validate/node_modules/.pnpm/jest-resolve@29.7.0/node_modules/jest-resolve/build/resolver.js:427:11)
    at Resolver.resolveModule (/Users/jeff/Workspaces/vibe-validate/node_modules/.pnpm/jest-resolve@29.7.0/node_modules/jest-resolve/build/resolver.js:358:10)
    at Resolver._getVirtualMockPath (/Users/jeff/Workspaces/vibe-validate/node_modules/.pnpm/jest-resolve@29.7.0/node_modules/jest-resolve/build/resolver.js:619:14)
    at Resolver._getAbsolutePath (/Users/jeff/Workspaces/vibe-validate/node_modules/.pnpm/jest-resolve@29.7.0/node_modules/jest-resolve/build/resolver.js:587:14)
    at Resolver.getModuleID (/Users/jeff/Workspaces/vibe-validate/node_modules/.pnpm/jest-resolve@29.7.0/node_modules/jest-resolve/build/resolver.js:530:31)
    at Runtime._shouldMockCjs (/Users/jeff/Workspaces/vibe-validate/node_modules/.pnpm/jest-runtime@29.7.0/node_modules/jest-runtime/build/index.js:1713:37)
    at Runtime.requireModuleOrMock (/Users/jeff/Workspaces/vibe-validate/node_modules/.pnpm/jest-runtime@29.7.0/node_modules/jest-runtime/build/index.js:1045:16)
    at /Users/jeff/Workspaces/vibe-validate/packages/extractors-test-bed/tests/jest/comprehensive-failures.test.ts:135:24
    at Object.&lt;anonymous&gt; (/Users/jeff/Workspaces/vibe-validate/packages/extractors-test-bed/tests/jest/comprehensive-failures.test.ts:135:24)</failure>
    </testcase>
    <testcase classname="Vibe-Validate Integration Failures › Extractors › Multiple Errors" name="should handle multiple assertion failures" time="0.001">
      <failure>Error: expect(received).toBe(expected) // Object.is equality

Expected: 100
Received: 0
    at Object.&lt;anonymous&gt; (/Users/jeff/Workspaces/vibe-validate/packages/extractors-test-bed/tests/jest/comprehensive-failures.test.ts:154:38)
    at Promise.then.completed (/Users/jeff/Workspaces/vibe-validate/node_modules/.pnpm/jest-circus@29.7.0/node_modules/jest-circus/build/utils.js:298:28)
    at new Promise (&lt;anonymous&gt;)
    at callAsyncCircusFn (/Users/jeff/Workspaces/vibe-validate/node_modules/.pnpm/jest-circus@29.7.0/node_modules/jest-circus/build/utils.js:231:10)
    at _callCircusTest (/Users/jeff/Workspaces/vibe-validate/node_modules/.pnpm/jest-circus@29.7.0/node_modules/jest-circus/build/run.js:316:40)
    at _runTest (/Users/jeff/Workspaces/vibe-validate/node_modules/.pnpm/jest-circus@29.7.0/node_modules/jest-circus/build/run.js:252:3)
    at _runTestsForDescribeBlock (/Users/jeff/Workspaces/vibe-validate/node_modules/.pnpm/jest-circus@29.7.0/node_modules/jest-circus/build/run.js:126:9)
    at _runTestsForDescribeBlock (/Users/jeff/Workspaces/vibe-validate/node_modules/.pnpm/jest-circus@29.7.0/node_modules/jest-circus/build/run.js:121:9)
    at _runTestsForDescribeBlock (/Users/jeff/Workspaces/vibe-validate/node_modules/.pnpm/jest-circus@29.7.0/node_modules/jest-circus/build/run.js:121:9)
    at run (/Users/jeff/Workspaces/vibe-validate/node_modules/.pnpm/jest-circus@29.7.0/node_modules/jest-circus/build/run.js:71:3)
    at runAndTransformResultsToJestFormat (/Users/jeff/Workspaces/vibe-validate/node_modules/.pnpm/jest-circus@29.7.0/node_modules/jest-circus/build/legacy-code-todo-rewrite/jestAdapterInit.js:122:21)
    at jestAdapter (/Users/jeff/Workspaces/vibe-validate/node_modules/.pnpm/jest-circus@29.7.0/node_modules/jest-circus/build/legacy-code-todo-rewrite/jestAdapter.js:79:19)
    at runTestInternal (/Users/jeff/Workspaces/vibe-validate/node_modules/.pnpm/jest-runner@29.7.0/node_modules/jest-runner/build/runTest.js:367:16)
    at runTest (/Users/jeff/Workspaces/vibe-validate/node_modules/.pnpm/jest-runner@29.7.0/node_modules/jest-runner/build/runTest.js:444:34)</failure>
    </testcase>
    <testcase classname="Vibe-Validate Integration Failures › Deep Nesting › Level 1 › Level 2 › Level 3" name="should test deeply nested vibe-validate usage" time="0.001">
      <failure>Error: expect(received).toBe(expected) // Object.is equality

Expected: &quot;Error with ANSI codes still present&quot;
Received: &quot;Error&quot;
    at Object.&lt;anonymous&gt; (/Users/jeff/Workspaces/vibe-validate/packages/extractors-test-bed/tests/jest/comprehensive-failures.test.ts:173:28)
    at Promise.then.completed (/Users/jeff/Workspaces/vibe-validate/node_modules/.pnpm/jest-circus@29.7.0/node_modules/jest-circus/build/utils.js:298:28)
    at new Promise (&lt;anonymous&gt;)
    at callAsyncCircusFn (/Users/jeff/Workspaces/vibe-validate/node_modules/.pnpm/jest-circus@29.7.0/node_modules/jest-circus/build/utils.js:231:10)
    at _callCircusTest (/Users/jeff/Workspaces/vibe-validate/node_modules/.pnpm/jest-circus@29.7.0/node_modules/jest-circus/build/run.js:316:40)
    at _runTest (/Users/jeff/Workspaces/vibe-validate/node_modules/.pnpm/jest-circus@29.7.0/node_modules/jest-circus/build/run.js:252:3)
    at _runTestsForDescribeBlock (/Users/jeff/Workspaces/vibe-validate/node_modules/.pnpm/jest-circus@29.7.0/node_modules/jest-circus/build/run.js:126:9)
    at _runTestsForDescribeBlock (/Users/jeff/Workspaces/vibe-validate/node_modules/.pnpm/jest-circus@29.7.0/node_modules/jest-circus/build/run.js:121:9)
    at _runTestsForDescribeBlock (/Users/jeff/Workspaces/vibe-validate/node_modules/.pnpm/jest-circus@29.7.0/node_modules/jest-circus/build/run.js:121:9)
    at _runTestsForDescribeBlock (/Users/jeff/Workspaces/vibe-validate/node_modules/.pnpm/jest-circus@29.7.0/node_modules/jest-circus/build/run.js:121:9)
    at _runTestsForDescribeBlock (/Users/jeff/Workspaces/vibe-validate/node_modules/.pnpm/jest-circus@29.7.0/node_modules/jest-circus/build/run.js:121:9)
    at _runTestsForDescribeBlock (/Users/jeff/Workspaces/vibe-validate/node_modules/.pnpm/jest-circus@29.7.0/node_modules/jest-circus/build/run.js:121:9)
    at run (/Users/jeff/Workspaces/vibe-validate/node_modules/.pnpm/jest-circus@29.7.0/node_modules/jest-circus/build/run.js:71:3)
    at runAndTransformResultsToJestFormat (/Users/jeff/Workspaces/vibe-validate/node_modules/.pnpm/jest-circus@29.7.0/node_modules/jest-circus/build/legacy-code-todo-rewrite/jestAdapterInit.js:122:21)
    at jestAdapter (/Users/jeff/Workspaces/vibe-validate/node_modules/.pnpm/jest-circus@29.7.0/node_modules/jest-circus/build/legacy-code-todo-rewrite/jestAdapter.js:79:19)
    at runTestInternal (/Users/jeff/Workspaces/vibe-validate/node_modules/.pnpm/jest-runner@29.7.0/node_modules/jest-runner/build/runTest.js:367:16)
    at runTest (/Users/jeff/Workspaces/vibe-validate/node_modules/.pnpm/jest-runner@29.7.0/node_modules/jest-runner/build/runTest.js:444:34)</failure>
    </testcase>
    <testcase classname="Edge Cases (Simple Code) › Calculator › Assertions" name="should add numbers correctly" time="0.001">
      <failure>Error: expect(received).toBe(expected) // Object.is equality

Expected: 13
Received: 14
    at Object.&lt;anonymous&gt; (/Users/jeff/Workspaces/vibe-validate/packages/extractors-test-bed/tests/jest/comprehensive-failures.test.ts:197:22)
    at Promise.then.completed (/Users/jeff/Workspaces/vibe-validate/node_modules/.pnpm/jest-circus@29.7.0/node_modules/jest-circus/build/utils.js:298:28)
    at new Promise (&lt;anonymous&gt;)
    at callAsyncCircusFn (/Users/jeff/Workspaces/vibe-validate/node_modules/.pnpm/jest-circus@29.7.0/node_modules/jest-circus/build/utils.js:231:10)
    at _callCircusTest (/Users/jeff/Workspaces/vibe-validate/node_modules/.pnpm/jest-circus@29.7.0/node_modules/jest-circus/build/run.js:316:40)
    at _runTest (/Users/jeff/Workspaces/vibe-validate/node_modules/.pnpm/jest-circus@29.7.0/node_modules/jest-circus/build/run.js:252:3)
    at _runTestsForDescribeBlock (/Users/jeff/Workspaces/vibe-validate/node_modules/.pnpm/jest-circus@29.7.0/node_modules/jest-circus/build/run.js:126:9)
    at _runTestsForDescribeBlock (/Users/jeff/Workspaces/vibe-validate/node_modules/.pnpm/jest-circus@29.7.0/node_modules/jest-circus/build/run.js:121:9)
    at _runTestsForDescribeBlock (/Users/jeff/Workspaces/vibe-validate/node_modules/.pnpm/jest-circus@29.7.0/node_modules/jest-circus/build/run.js:121:9)
    at run (/Users/jeff/Workspaces/vibe-validate/node_modules/.pnpm/jest-circus@29.7.0/node_modules/jest-circus/build/run.js:71:3)
    at runAndTransformResultsToJestFormat (/Users/jeff/Workspaces/vibe-validate/node_modules/.pnpm/jest-circus@29.7.0/node_modules/jest-circus/build/legacy-code-todo-rewrite/jestAdapterInit.js:122:21)
    at jestAdapter (/Users/jeff/Workspaces/vibe-validate/node_modules/.pnpm/jest-circus@29.7.0/node_modules/jest-circus/build/legacy-code-todo-rewrite/jestAdapter.js:79:19)
    at runTestInternal (/Users/jeff/Workspaces/vibe-validate/node_modules/.pnpm/jest-runner@29.7.0/node_modules/jest-runner/build/runTest.js:367:16)
    at runTest (/Users/jeff/Workspaces/vibe-validate/node_modules/.pnpm/jest-runner@29.7.0/node_modules/jest-runner/build/runTest.js:444:34)</failure>
    </testcase>
    <testcase classname="Edge Cases (Simple Code) › File System › ENOENT" name="should read config file" time="0.036">
      <failure>Error: Validation failed: Config schema mismatch
    at asyncValidation (/Users/jeff/Workspaces/vibe-validate/packages/extractors-test-bed/tests/jest/comprehensive-failures.test.ts:107:15)
    at Object.&lt;anonymous&gt; (/Users/jeff/Workspaces/vibe-validate/packages/extractors-test-bed/tests/jest/comprehensive-failures.test.ts:111:7)
    at Promise.then.completed (/Users/jeff/Workspaces/vibe-validate/node_modules/.pnpm/jest-circus@29.7.0/node_modules/jest-circus/build/utils.js:298:28)
    at new Promise (&lt;anonymous&gt;)
    at callAsyncCircusFn (/Users/jeff/Workspaces/vibe-validate/node_modules/.pnpm/jest-circus@29.7.0/node_modules/jest-circus/build/utils.js:231:10)
    at _callCircusTest (/Users/jeff/Workspaces/vibe-validate/node_modules/.pnpm/jest-circus@29.7.0/node_modules/jest-circus/build/run.js:316:40)
    at _runTest (/Users/jeff/Workspaces/vibe-validate/node_modules/.pnpm/jest-circus@29.7.0/node_modules/jest-circus/build/run.js:252:3)
    at _runTestsForDescribeBlock (/Users/jeff/Workspaces/vibe-validate/node_modules/.pnpm/jest-circus@29.7.0/node_modules/jest-circus/build/run.js:126:9)
    at _runTestsForDescribeBlock (/Users/jeff/Workspaces/vibe-validate/node_modules/.pnpm/jest-circus@29.7.0/node_modules/jest-circus/build/run.js:121:9)
    at _runTestsForDescribeBlock (/Users/jeff/Workspaces/vibe-validate/node_modules/.pnpm/jest-circus@29.7.0/node_modules/jest-circus/build/run.js:121:9)
    at run (/Users/jeff/Workspaces/vibe-validate/node_modules/.pnpm/jest-circus@29.7.0/node_modules/jest-circus/build/run.js:71:3)
    at runAndTransformResultsToJestFormat (/Users/jeff/Workspaces/vibe-validate/node_modules/.pnpm/jest-circus@29.7.0/node_modules/jest-circus/build/legacy-code-todo-rewrite/jestAdapterInit.js:122:21)
    at jestAdapter (/Users/jeff/Workspaces/vibe-validate/node_modules/.pnpm/jest-circus@29.7.0/node_modules/jest-circus/build/legacy-code-todo-rewrite/jestAdapter.js:79:19)
    at runTestInternal (/Users/jeff/Workspaces/vibe-validate/node_modules/.pnpm/jest-runner@29.7.0/node_modules/jest-runner/build/runTest.js:367:16)
    at runTest (/Users/jeff/Workspaces/vibe-validate/node_modules/.pnpm/jest-runner@29.7.0/node_modules/jest-runner/build/runTest.js:444:34)</failure>
      <failure>Error: ENOENT: no such file or directory, open &apos;/this/file/does/not/exist.json&apos;
    at open (node:internal/fs/promises:640:25)
    at Object.readFile (node:internal/fs/promises:1277:14)
    at Object.&lt;anonymous&gt; (/Users/jeff/Workspaces/vibe-validate/packages/extractors-test-bed/tests/jest/comprehensive-failures.test.ts:206:22)</failure>
    </testcase>
    <testcase classname="Edge Cases (Simple Code) › Performance › Timeout" name="should complete within timeout" time="0.01">
      <failure>Error: thrown: &quot;Exceeded timeout of 10 ms for a test.
Add a timeout value to this test to increase the timeout, if this is a long-running test. See https://jestjs.io/docs/api#testname-fn-timeout.&quot;
    at /Users/jeff/Workspaces/vibe-validate/packages/extractors-test-bed/tests/jest/comprehensive-failures.test.ts:213:5
    at _dispatchDescribe (/Users/jeff/Workspaces/vibe-validate/node_modules/.pnpm/jest-circus@29.7.0/node_modules/jest-circus/build/index.js:91:26)
    at describe (/Users/jeff/Workspaces/vibe-validate/node_modules/.pnpm/jest-circus@29.7.0/node_modules/jest-circus/build/index.js:55:5)
    at /Users/jeff/Workspaces/vibe-validate/packages/extractors-test-bed/tests/jest/comprehensive-failures.test.ts:212:3
    at _dispatchDescribe (/Users/jeff/Workspaces/vibe-validate/node_modules/.pnpm/jest-circus@29.7.0/node_modules/jest-circus/build/index.js:91:26)
    at describe (/Users/jeff/Workspaces/vibe-validate/node_modules/.pnpm/jest-circus@29.7.0/node_modules/jest-circus/build/index.js:55:5)
    at Object.&lt;anonymous&gt; (/Users/jeff/Workspaces/vibe-validate/packages/extractors-test-bed/tests/jest/comprehensive-failures.test.ts:185:1)
    at Runtime._execModule (/Users/jeff/Workspaces/vibe-validate/node_modules/.pnpm/jest-runtime@29.7.0/node_modules/jest-runtime/build/index.js:1439:24)
    at Runtime._loadModule (/Users/jeff/Workspaces/vibe-validate/node_modules/.pnpm/jest-runtime@29.7.0/node_modules/jest-runtime/build/index.js:1022:12)
    at Runtime.requireModule (/Users/jeff/Workspaces/vibe-validate/node_modules/.pnpm/jest-runtime@29.7.0/node_modules/jest-runtime/build/index.js:882:12)
    at jestAdapter (/Users/jeff/Workspaces/vibe-validate/node_modules/.pnpm/jest-circus@29.7.0/node_modules/jest-circus/build/legacy-code-todo-rewrite/jestAdapter.js:77:13)
    at runTestInternal (/Users/jeff/Workspaces/vibe-validate/node_modules/.pnpm/jest-runner@29.7.0/node_modules/jest-runner/build/runTest.js:367:16)
    at runTest (/Users/jeff/Workspaces/vibe-validate/node_modules/.pnpm/jest-runner@29.7.0/node_modules/jest-runner/build/runTest.js:444:34)</failure>
    </testcase>
    <testcase classname="Edge Cases (Simple Code) › Calculator › Type Errors" name="should return version as string" time="0.001">
      <failure>Error: expect(received).toBe(expected) // Object.is equality

Expected: &quot;string&quot;
Received: &quot;number&quot;
    at Object.&lt;anonymous&gt; (/Users/jeff/Workspaces/vibe-validate/packages/extractors-test-bed/tests/jest/comprehensive-failures.test.ts:224:30)
    at Promise.then.completed (/Users/jeff/Workspaces/vibe-validate/node_modules/.pnpm/jest-circus@29.7.0/node_modules/jest-circus/build/utils.js:298:28)
    at new Promise (&lt;anonymous&gt;)
    at callAsyncCircusFn (/Users/jeff/Workspaces/vibe-validate/node_modules/.pnpm/jest-circus@29.7.0/node_modules/jest-circus/build/utils.js:231:10)
    at _callCircusTest (/Users/jeff/Workspaces/vibe-validate/node_modules/.pnpm/jest-circus@29.7.0/node_modules/jest-circus/build/run.js:316:40)
    at _runTest (/Users/jeff/Workspaces/vibe-validate/node_modules/.pnpm/jest-circus@29.7.0/node_modules/jest-circus/build/run.js:252:3)
    at _runTestsForDescribeBlock (/Users/jeff/Workspaces/vibe-validate/node_modules/.pnpm/jest-circus@29.7.0/node_modules/jest-circus/build/run.js:126:9)
    at _runTestsForDescribeBlock (/Users/jeff/Workspaces/vibe-validate/node_modules/.pnpm/jest-circus@29.7.0/node_modules/jest-circus/build/run.js:121:9)
    at _runTestsForDescribeBlock (/Users/jeff/Workspaces/vibe-validate/node_modules/.pnpm/jest-circus@29.7.0/node_modules/jest-circus/build/run.js:121:9)
    at run (/Users/jeff/Workspaces/vibe-validate/node_modules/.pnpm/jest-circus@29.7.0/node_modules/jest-circus/build/run.js:71:3)
    at runAndTransformResultsToJestFormat (/Users/jeff/Workspaces/vibe-validate/node_modules/.pnpm/jest-circus@29.7.0/node_modules/jest-circus/build/legacy-code-todo-rewrite/jestAdapterInit.js:122:21)
    at jestAdapter (/Users/jeff/Workspaces/vibe-validate/node_modules/.pnpm/jest-circus@29.7.0/node_modules/jest-circus/build/legacy-code-todo-rewrite/jestAdapter.js:79:19)
    at runTestInternal (/Users/jeff/Workspaces/vibe-validate/node_modules/.pnpm/jest-runner@29.7.0/node_modules/jest-runner/build/runTest.js:367:16)
    at runTest (/Users/jeff/Workspaces/vibe-validate/node_modules/.pnpm/jest-runner@29.7.0/node_modules/jest-runner/build/runTest.js:444:34)</failure>
    </testcase>
  </testsuite>
</testsuites>